<?xml version="1.0" encoding="UTF-8"?>
<testsuite xmlns:xsi="http://www.w3.org/2001/XMLSchema-instance" xsi:noNamespaceSchemaLocation="https://maven.apache.org/surefire/maven-surefire-plugin/xsd/surefire-test-report-3.0.xsd" version="3.0" name="be.unamur.game2048.Test2048" time="0.067" tests="27" errors="0" skipped="0" failures="0">
  <properties>
    <property name="java.specification.version" value="17"/>
    <property name="sun.cpu.isalist" value="amd64"/>
    <property name="sun.jnu.encoding" value="Cp1252"/>
    <property name="java.class.path" value="C:\Users\semyd\2048-Drif\target\test-classes;C:\Users\semyd\2048-Drif\target\classes;C:\Users\semyd\.m2\repository\junit\junit\4.13.2\junit-4.13.2.jar;C:\Users\semyd\.m2\repository\org\hamcrest\hamcrest-core\1.3\hamcrest-core-1.3.jar;"/>
    <property name="java.vm.vendor" value="Oracle Corporation"/>
    <property name="sun.arch.data.model" value="64"/>
    <property name="user.variant" value=""/>
    <property name="java.vendor.url" value="https://java.oracle.com/"/>
    <property name="user.timezone" value="Europe/Brussels"/>
    <property name="os.name" value="Windows 11"/>
    <property name="java.vm.specification.version" value="17"/>
    <property name="sun.java.launcher" value="SUN_STANDARD"/>
    <property name="user.country" value="BE"/>
    <property name="sun.boot.library.path" value="C:\Program Files\Java\jdk-17.0.2\bin"/>
    <property name="sun.java.command" value="C:\Users\semyd\AppData\Local\Temp\surefire1085531633671554801\surefirebooter-20250812192751705_3.jar C:\Users\semyd\AppData\Local\Temp\surefire1085531633671554801 2025-08-12T19-27-51_484-jvmRun1 surefire-20250812192751705_1tmp surefire_0-20250812192751705_2tmp"/>
    <property name="jdk.debug" value="release"/>
    <property name="surefire.test.class.path" value="C:\Users\semyd\2048-Drif\target\test-classes;C:\Users\semyd\2048-Drif\target\classes;C:\Users\semyd\.m2\repository\junit\junit\4.13.2\junit-4.13.2.jar;C:\Users\semyd\.m2\repository\org\hamcrest\hamcrest-core\1.3\hamcrest-core-1.3.jar;"/>
    <property name="sun.cpu.endian" value="little"/>
    <property name="user.home" value="C:\Users\semyd"/>
    <property name="user.language" value="fr"/>
    <property name="java.specification.vendor" value="Oracle Corporation"/>
    <property name="java.version.date" value="2022-01-18"/>
    <property name="java.home" value="C:\Program Files\Java\jdk-17.0.2"/>
    <property name="file.separator" value="\"/>
    <property name="basedir" value="C:\Users\semyd\2048-Drif"/>
    <property name="java.vm.compressedOopsMode" value="Zero based"/>
    <property name="line.separator" value="&#10;"/>
    <property name="java.vm.specification.vendor" value="Oracle Corporation"/>
    <property name="java.specification.name" value="Java Platform API Specification"/>
    <property name="surefire.real.class.path" value="C:\Users\semyd\AppData\Local\Temp\surefire1085531633671554801\surefirebooter-20250812192751705_3.jar"/>
    <property name="user.script" value=""/>
    <property name="sun.management.compiler" value="HotSpot 64-Bit Tiered Compilers"/>
    <property name="java.runtime.version" value="17.0.2+8-LTS-86"/>
    <property name="user.name" value="semyd"/>
    <property name="path.separator" value=";"/>
    <property name="os.version" value="10.0"/>
    <property name="java.runtime.name" value="Java(TM) SE Runtime Environment"/>
    <property name="file.encoding" value="Cp1252"/>
    <property name="java.vm.name" value="Java HotSpot(TM) 64-Bit Server VM"/>
    <property name="localRepository" value="C:\Users\semyd\.m2\repository"/>
    <property name="java.vendor.url.bug" value="https://bugreport.java.com/bugreport/"/>
    <property name="java.io.tmpdir" value="C:\Users\semyd\AppData\Local\Temp\"/>
    <property name="java.version" value="17.0.2"/>
    <property name="user.dir" value="C:\Users\semyd\2048-Drif"/>
    <property name="os.arch" value="amd64"/>
    <property name="java.vm.specification.name" value="Java Virtual Machine Specification"/>
    <property name="sun.os.patch.level" value=""/>
    <property name="native.encoding" value="Cp1252"/>
    <property name="java.library.path" value="C:\Program Files\Java\jdk-17.0.2\bin;C:\WINDOWS\Sun\Java\bin;C:\WINDOWS\system32;C:\WINDOWS;C:\Program Files (x86)\Common Files\Intel\Shared Libraries\redist\intel64\compiler;C:\Program Files\Common Files\Oracle\Java\javapath;C:\Program Files (x86)\Common Files\Oracle\Java\java8path;C:\Program Files (x86)\Common Files\Oracle\Java\javapath;C:\Windows\system32;C:\Windows;C:\Windows\System32\Wbem;C:\Windows\System32\WindowsPowerShell\v1.0\;C:\Windows\System32\OpenSSH\;C:\Program Files\Microsoft VS Code\bin;C:\ProgramData\chocolatey\bin;C:\Program Files\swipl\bin;C:\Program Files\Git\cmd;C:\Program Files\PuTTY\;C:\Program Files\dotnet\;C:\WINDOWS\system32;C:\WINDOWS;C:\WINDOWS\System32\Wbem;C:\WINDOWS\System32\WindowsPowerShell\v1.0\;C:\WINDOWS\System32\OpenSSH\;C:\Program Files (x86)\NVIDIA Corporation\PhysX\Common;C:\Program Files\Docker\Docker\resources\bin;C:\Program Files\NVIDIA Corporation\NVIDIA app\NvDLISR;C:\Program Files\nodejs\;C:\Program Files\Tailscale\;C:\maven-mvnd-1.0.2-windows-amd64\maven-mvnd-1.0.2-windows-amd64\bin;C:\apache-maven-3.9.11-bin\apache-maven-3.9.11\bin;C:\Users\semyd\AppData\Local\Programs\Python\Python313\Scripts\;C:\Users\semyd\AppData\Local\Programs\Python\Python313\;C:\Program Files\MySQL\MySQL Shell 8.0\bin\;C:\Users\semyd\AppData\Local\Programs\Python\Python310\Scripts\;C:\Users\semyd\AppData\Local\Programs\Python\Python310\;C:\Users\semyd\AppData\Local\Microsoft\WindowsApps;C:\ProgramData\Microsoft\Windows\Start Menu\Programs\Python 3.10;C:\Program Files\JetBrains\PyCharm Community Edition 2021.3.2\bin;;C:\Program Files\JetBrains\PyCharm 2021.3.2\bin;;C:\Program Files\JetBrains\IntelliJ IDEA 2021.3.2\bin;;C:\Program Files\Java\jdk-17.0.2\bin;;C:\Program Files\JetBrains\WebStorm 2022.1.1\bin;;C:\Users\semyd\AppData\Roaming\npm;c:\Users\semyd\AppData\Roaming\Code\User\globalStorage\github.copilot-chat\debugCommand;."/>
    <property name="java.vm.info" value="mixed mode, sharing"/>
    <property name="java.vendor" value="Oracle Corporation"/>
    <property name="java.vm.version" value="17.0.2+8-LTS-86"/>
    <property name="sun.io.unicode.encoding" value="UnicodeLittle"/>
    <property name="java.class.version" value="61.0"/>
  </properties>
  <testcase name="testTileEqualsOk" classname="be.unamur.game2048.Test2048" time="0.004"/>
  <testcase name="testGridClearMerged" classname="be.unamur.game2048.Test2048" time="0.0"/>
  <testcase name="testTileCanMergeWithNull" classname="be.unamur.game2048.Test2048" time="0.0"/>
  <testcase name="testTileCanMergeWithSame" classname="be.unamur.game2048.Test2048" time="0.001"/>
  <testcase name="testGameOver_afterOneValidMove_thenNoMovesLeft" classname="be.unamur.game2048.Test2048" time="0.002"/>
  <testcase name="testTileSetMergedTrue" classname="be.unamur.game2048.Test2048" time="0.0"/>
  <testcase name="testTileEqualsDifferent" classname="be.unamur.game2048.Test2048" time="0.0"/>
  <testcase name="testGridDefault" classname="be.unamur.game2048.Test2048" time="0.0"/>
  <testcase name="testTileSetMergedFalse" classname="be.unamur.game2048.Test2048" time="0.0"/>
  <testcase name="testTileTostringWithGetValue" classname="be.unamur.game2048.Test2048" time="0.0"/>
  <testcase name="testGridSetTile" classname="be.unamur.game2048.Test2048" time="0.0"/>
  <testcase name="testGameControllerGetGameStateDefault" classname="be.unamur.game2048.Test2048" time="0.0"/>
  <testcase name="testTileEqualsOtherType" classname="be.unamur.game2048.Test2048" time="0.0"/>
  <testcase name="testGameControllerStartGameDefault" classname="be.unamur.game2048.Test2048" time="0.001"/>
  <testcase name="testTileTostringNormal" classname="be.unamur.game2048.Test2048" time="0.0"/>
  <testcase name="testTileCanMergeWithAlredyMerged" classname="be.unamur.game2048.Test2048" time="0.0"/>
  <testcase name="testGridGetCol" classname="be.unamur.game2048.Test2048" time="0.003"/>
  <testcase name="testGridGetRow" classname="be.unamur.game2048.Test2048" time="0.0"/>
  <testcase name="testTileEqualsWithSelf" classname="be.unamur.game2048.Test2048" time="0.0"/>
  <testcase name="testGridGetLength" classname="be.unamur.game2048.Test2048" time="0.001"/>
  <testcase name="testStartGame_firstTileIs4_then2" classname="be.unamur.game2048.Test2048" time="0.0"/>
  <testcase name="testMoveRight_merges1024_into2048_andWins" classname="be.unamur.game2048.Test2048" time="0.0"/>
  <testcase name="testGridWithTiles" classname="be.unamur.game2048.Test2048" time="0.0"/>
  <testcase name="testTileCanMergeWithDifferent" classname="be.unamur.game2048.Test2048" time="0.0"/>
  <testcase name="testTileMergeWithSame" classname="be.unamur.game2048.Test2048" time="0.0"/>
  <testcase name="testTileMergeWithDifferent" classname="be.unamur.game2048.Test2048" time="0.0"/>
  <testcase name="testTileEqualsNull" classname="be.unamur.game2048.Test2048" time="0.0"/>
</testsuite>